{"/home/rachit/Scrimba/React/meme-geneator/src/App.jsx": {"path":"/home/rachit/Scrimba/React/meme-geneator/src/App.jsx","statementMap":{"0":{"start":{"line":6,"column":4},"end":{"line":10,"column":null}}},"fnMap":{"0":{"name":"App","decl":{"start":{"line":4,"column":24},"end":{"line":4,"column":30}},"loc":{"start":{"line":4,"column":30},"end":{"line":12,"column":null}}}},"branchMap":{},"s":{"0":3},"f":{"0":3},"b":{}}
,"/home/rachit/Scrimba/React/meme-geneator/src/components/Header.jsx": {"path":"/home/rachit/Scrimba/React/meme-geneator/src/components/Header.jsx","statementMap":{"0":{"start":{"line":4,"column":2},"end":{"line":8,"column":null}}},"fnMap":{"0":{"name":"Header","decl":{"start":{"line":3,"column":24},"end":{"line":3,"column":33}},"loc":{"start":{"line":3,"column":33},"end":{"line":10,"column":null}}}},"branchMap":{},"s":{"0":5},"f":{"0":5},"b":{}}
,"/home/rachit/Scrimba/React/meme-geneator/src/components/Main.jsx": {"path":"/home/rachit/Scrimba/React/meme-geneator/src/components/Main.jsx","statementMap":{"0":{"start":{"line":5,"column":26},"end":{"line":9,"column":null}},"1":{"start":{"line":11,"column":34},"end":{"line":11,"column":null}},"2":{"start":{"line":13,"column":2},"end":{"line":17,"column":null}},"3":{"start":{"line":14,"column":4},"end":{"line":16,"column":null}},"4":{"start":{"line":15,"column":21},"end":{"line":15,"column":31}},"5":{"start":{"line":16,"column":22},"end":{"line":16,"column":50}},"6":{"start":{"line":24,"column":4},"end":{"line":24,"column":null}},"7":{"start":{"line":24,"column":31},"end":{"line":24,"column":null}},"8":{"start":{"line":25,"column":22},"end":{"line":25,"column":null}},"9":{"start":{"line":27,"column":21},"end":{"line":27,"column":null}},"10":{"start":{"line":29,"column":4},"end":{"line":32,"column":null}},"11":{"start":{"line":29,"column":27},"end":{"line":32,"column":6}},"12":{"start":{"line":36,"column":28},"end":{"line":36,"column":null}},"13":{"start":{"line":37,"column":4},"end":{"line":40,"column":null}},"14":{"start":{"line":37,"column":27},"end":{"line":40,"column":6}},"15":{"start":{"line":42,"column":2},"end":{"line":73,"column":null}}},"fnMap":{"0":{"name":"Main","decl":{"start":{"line":4,"column":24},"end":{"line":4,"column":31}},"loc":{"start":{"line":4,"column":31},"end":{"line":75,"column":null}}},"1":{"name":"(anonymous_1)","decl":{"start":{"line":13,"column":12},"end":{"line":13,"column":24}},"loc":{"start":{"line":13,"column":24},"end":{"line":17,"column":3}}},"2":{"name":"(anonymous_2)","decl":{"start":{"line":15,"column":12},"end":{"line":15,"column":13}},"loc":{"start":{"line":15,"column":21},"end":{"line":15,"column":31}}},"3":{"name":"(anonymous_3)","decl":{"start":{"line":16,"column":12},"end":{"line":16,"column":13}},"loc":{"start":{"line":16,"column":22},"end":{"line":16,"column":50}}},"4":{"name":"getRandomMemeImage","decl":{"start":{"line":19,"column":11},"end":{"line":19,"column":32}},"loc":{"start":{"line":19,"column":32},"end":{"line":33,"column":null}}},"5":{"name":"(anonymous_5)","decl":{"start":{"line":29,"column":12},"end":{"line":29,"column":13}},"loc":{"start":{"line":29,"column":27},"end":{"line":32,"column":6}}},"6":{"name":"handleChange","decl":{"start":{"line":35,"column":11},"end":{"line":35,"column":24}},"loc":{"start":{"line":35,"column":31},"end":{"line":41,"column":null}}},"7":{"name":"(anonymous_7)","decl":{"start":{"line":37,"column":12},"end":{"line":37,"column":13}},"loc":{"start":{"line":37,"column":27},"end":{"line":40,"column":6}}}},"branchMap":{"0":{"loc":{"start":{"line":24,"column":4},"end":{"line":24,"column":null}},"type":"if","locations":[{"start":{"line":24,"column":4},"end":{"line":24,"column":null}},{"start":{},"end":{}}]}},"s":{"0":100,"1":100,"2":100,"3":100,"4":100,"5":100,"6":1,"7":0,"8":1,"9":1,"10":1,"11":1,"12":44,"13":44,"14":44,"15":100},"f":{"0":100,"1":100,"2":100,"3":100,"4":1,"5":1,"6":44,"7":44},"b":{"0":[0,1]}}
}
